Start testing: Apr 11 23:37 W. Europe Summer Time
----------------------------------------------------------
1/27 Testing: module_iface_test
1/27 Test: module_iface_test
Command: "C:/develop/ngircd/build/module_iface_test.exe"
Directory: C:/develop/ngircd/build
"module_iface_test" start time: Apr 11 23:37 W. Europe Summer Time
Output:
----------------------------------------------------------
<end of output>
Test time =   0.01 sec
----------------------------------------------------------
Test Passed.
"module_iface_test" end time: Apr 11 23:37 W. Europe Summer Time
"module_iface_test" time elapsed: 00:00:00
----------------------------------------------------------

2/27 Testing: conf_whitebox_test
2/27 Test: conf_whitebox_test
Command: "C:/develop/ngircd/build/conf_whitebox_test.exe"
Directory: C:/develop/ngircd/build
"conf_whitebox_test" start time: Apr 11 23:37 W. Europe Summer Time
Output:
----------------------------------------------------------
<end of output>
Test time =   0.01 sec
----------------------------------------------------------
Test Passed.
"conf_whitebox_test" end time: Apr 11 23:37 W. Europe Summer Time
"conf_whitebox_test" time elapsed: 00:00:00
----------------------------------------------------------

3/27 Testing: log_io_resolver_test
3/27 Test: log_io_resolver_test
Command: "C:/develop/ngircd/build/log_io_resolver_test.exe"
Directory: C:/develop/ngircd/build
"log_io_resolver_test" start time: Apr 11 23:37 W. Europe Summer Time
Output:
----------------------------------------------------------
<end of output>
Test time =   0.02 sec
----------------------------------------------------------
Test Passed.
"log_io_resolver_test" end time: Apr 11 23:37 W. Europe Summer Time
"log_io_resolver_test" time elapsed: 00:00:00
----------------------------------------------------------

4/27 Testing: login_state_test
4/27 Test: login_state_test
Command: "C:/develop/ngircd/build/login_state_test.exe"
Directory: C:/develop/ngircd/build
"login_state_test" start time: Apr 11 23:37 W. Europe Summer Time
Output:
----------------------------------------------------------
<end of output>
Test time =   0.01 sec
----------------------------------------------------------
Test Passed.
"login_state_test" end time: Apr 11 23:37 W. Europe Summer Time
"login_state_test" time elapsed: 00:00:00
----------------------------------------------------------

5/27 Testing: login_check_test
5/27 Test: login_check_test
Command: "C:/develop/ngircd/build/login_check_test.exe"
Directory: C:/develop/ngircd/build
"login_check_test" start time: Apr 11 23:37 W. Europe Summer Time
Output:
----------------------------------------------------------
<end of output>
Test time =   0.01 sec
----------------------------------------------------------
Test Passed.
"login_check_test" end time: Apr 11 23:37 W. Europe Summer Time
"login_check_test" time elapsed: 00:00:00
----------------------------------------------------------

6/27 Testing: join_check_test
6/27 Test: join_check_test
Command: "C:/develop/ngircd/build/join_check_test.exe"
Directory: C:/develop/ngircd/build
"join_check_test" start time: Apr 11 23:37 W. Europe Summer Time
Output:
----------------------------------------------------------
<end of output>
Test time =   0.01 sec
----------------------------------------------------------
Test Passed.
"join_check_test" end time: Apr 11 23:37 W. Europe Summer Time
"join_check_test" time elapsed: 00:00:00
----------------------------------------------------------

7/27 Testing: join_error_test
7/27 Test: join_error_test
Command: "C:/develop/ngircd/build/join_error_test.exe"
Directory: C:/develop/ngircd/build
"join_error_test" start time: Apr 11 23:37 W. Europe Summer Time
Output:
----------------------------------------------------------
<end of output>
Test time =   0.01 sec
----------------------------------------------------------
Test Passed.
"join_error_test" end time: Apr 11 23:37 W. Europe Summer Time
"join_error_test" time elapsed: 00:00:00
----------------------------------------------------------

8/27 Testing: login_flow_test
8/27 Test: login_flow_test
Command: "C:/develop/ngircd/build/login_flow_test.exe"
Directory: C:/develop/ngircd/build
"login_flow_test" start time: Apr 11 23:37 W. Europe Summer Time
Output:
----------------------------------------------------------
<end of output>
Test time =   0.01 sec
----------------------------------------------------------
Test Passed.
"login_flow_test" end time: Apr 11 23:37 W. Europe Summer Time
"login_flow_test" time elapsed: 00:00:00
----------------------------------------------------------

9/27 Testing: irc_cap_end_test
9/27 Test: irc_cap_end_test
Command: "C:/develop/ngircd/build/irc_cap_end_test.exe"
Directory: C:/develop/ngircd/build
"irc_cap_end_test" start time: Apr 11 23:37 W. Europe Summer Time
Output:
----------------------------------------------------------
<end of output>
Test time =   0.01 sec
----------------------------------------------------------
Test Passed.
"irc_cap_end_test" end time: Apr 11 23:37 W. Europe Summer Time
"irc_cap_end_test" time elapsed: 00:00:00
----------------------------------------------------------

10/27 Testing: nick_check_test
10/27 Test: nick_check_test
Command: "C:/develop/ngircd/build/nick_check_test.exe"
Directory: C:/develop/ngircd/build
"nick_check_test" start time: Apr 11 23:37 W. Europe Summer Time
Output:
----------------------------------------------------------
<end of output>
Test time =   0.01 sec
----------------------------------------------------------
Test Passed.
"nick_check_test" end time: Apr 11 23:37 W. Europe Summer Time
"nick_check_test" time elapsed: 00:00:00
----------------------------------------------------------

11/27 Testing: user_check_test
11/27 Test: user_check_test
Command: "C:/develop/ngircd/build/user_check_test.exe"
Directory: C:/develop/ngircd/build
"user_check_test" start time: Apr 11 23:37 W. Europe Summer Time
Output:
----------------------------------------------------------
<end of output>
Test time =   0.01 sec
----------------------------------------------------------
Test Passed.
"user_check_test" end time: Apr 11 23:37 W. Europe Summer Time
"user_check_test" time elapsed: 00:00:00
----------------------------------------------------------

12/27 Testing: branch_coverage_test
12/27 Test: branch_coverage_test
Command: "C:/develop/ngircd/build/branch_coverage_test.exe"
Directory: C:/develop/ngircd/build
"branch_coverage_test" start time: Apr 11 23:37 W. Europe Summer Time
Output:
----------------------------------------------------------
<end of output>
Test time =   0.01 sec
----------------------------------------------------------
Test Passed.
"branch_coverage_test" end time: Apr 11 23:37 W. Europe Summer Time
"branch_coverage_test" time elapsed: 00:00:00
----------------------------------------------------------

13/27 Testing: message_check_test
13/27 Test: message_check_test
Command: "C:/develop/ngircd/build/message_check_test.exe"
Directory: C:/develop/ngircd/build
"message_check_test" start time: Apr 11 23:37 W. Europe Summer Time
Output:
----------------------------------------------------------
<end of output>
Test time =   0.01 sec
----------------------------------------------------------
Test Passed.
"message_check_test" end time: Apr 11 23:37 W. Europe Summer Time
"message_check_test" time elapsed: 00:00:00
----------------------------------------------------------

14/27 Testing: full_coverage_test
14/27 Test: full_coverage_test
Command: "C:/develop/ngircd/build/full_coverage_test.exe"
Directory: C:/develop/ngircd/build
"full_coverage_test" start time: Apr 11 23:37 W. Europe Summer Time
Output:
----------------------------------------------------------
All 151 tests passed.
<end of output>
Test time =   0.01 sec
----------------------------------------------------------
Test Passed.
"full_coverage_test" end time: Apr 11 23:37 W. Europe Summer Time
"full_coverage_test" time elapsed: 00:00:00
----------------------------------------------------------

15/27 Testing: ngircd_configtest
15/27 Test: ngircd_configtest
Command: "C:/develop/ngircd/build/ngircd.exe" "--config" "C:/develop/ngircd/build/ngircd-win32-test.conf" "--configtest"
Directory: C:/develop/ngircd
"ngircd_configtest" start time: Apr 11 23:37 W. Europe Summer Time
Output:
----------------------------------------------------------
ngIRCd 27-win32-IPv6+IRCPLUS-x86_64/pc/windows
Copyright (c)2001-2024 Alexander Barton (<alex@barton.de>) and Contributors.
Homepage: <http://ngircd.barton.de/>

This is free software; see the source for copying conditions. There is NO
warranty; not even for MERCHANTABILITY or FITNESS FOR A PARTICULAR PURPOSE.

<end of output>
Test time =   0.04 sec
----------------------------------------------------------
Test Passed.
"ngircd_configtest" end time: Apr 11 23:37 W. Europe Summer Time
"ngircd_configtest" time elapsed: 00:00:00
----------------------------------------------------------

16/27 Testing: ngircd_configtest_rich
16/27 Test: ngircd_configtest_rich
Command: "C:/develop/ngircd/build/ngircd.exe" "--config" "C:/develop/ngircd/tests/configs/rich.conf" "--configtest"
Directory: C:/develop/ngircd
"ngircd_configtest_rich" start time: Apr 11 23:37 W. Europe Summer Time
Output:
----------------------------------------------------------
ngIRCd 27-win32-IPv6+IRCPLUS-x86_64/pc/windows
Copyright (c)2001-2024 Alexander Barton (<alex@barton.de>) and Contributors.
Homepage: <http://ngircd.barton.de/>

This is free software; see the source for copying conditions. There is NO
warranty; not even for MERCHANTABILITY or FITNESS FOR A PARTICULAR PURPOSE.

<end of output>
Test time =   0.03 sec
----------------------------------------------------------
Test Passed.
"ngircd_configtest_rich" end time: Apr 11 23:37 W. Europe Summer Time
"ngircd_configtest_rich" time elapsed: 00:00:00
----------------------------------------------------------

17/27 Testing: ngircd_configtest_ipv6
17/27 Test: ngircd_configtest_ipv6
Command: "C:/develop/ngircd/build/ngircd.exe" "--config" "C:/develop/ngircd/tests/configs/ipv6.conf" "--configtest"
Directory: C:/develop/ngircd
"ngircd_configtest_ipv6" start time: Apr 11 23:37 W. Europe Summer Time
Output:
----------------------------------------------------------
ngIRCd 27-win32-IPv6+IRCPLUS-x86_64/pc/windows
Copyright (c)2001-2024 Alexander Barton (<alex@barton.de>) and Contributors.
Homepage: <http://ngircd.barton.de/>

This is free software; see the source for copying conditions. There is NO
warranty; not even for MERCHANTABILITY or FITNESS FOR A PARTICULAR PURPOSE.

<end of output>
Test time =   0.04 sec
----------------------------------------------------------
Test Passed.
"ngircd_configtest_ipv6" end time: Apr 11 23:37 W. Europe Summer Time
"ngircd_configtest_ipv6" time elapsed: 00:00:00
----------------------------------------------------------

18/27 Testing: ngircd_configtest_unknown_section
18/27 Test: ngircd_configtest_unknown_section
Command: "C:/develop/ngircd/build/ngircd.exe" "--config" "C:/develop/ngircd/tests/configs/unknown_section.conf" "--configtest"
Directory: C:/develop/ngircd
"ngircd_configtest_unknown_section" start time: Apr 11 23:37 W. Europe Summer Time
Output:
----------------------------------------------------------
ngIRCd 27-win32-IPv6+IRCPLUS-x86_64/pc/windows
Copyright (c)2001-2024 Alexander Barton (<alex@barton.de>) and Contributors.
Homepage: <http://ngircd.barton.de/>

This is free software; see the source for copying conditions. There is NO
warranty; not even for MERCHANTABILITY or FITNESS FOR A PARTICULAR PURPOSE.

<end of output>
Test time =   0.04 sec
----------------------------------------------------------
Test Passed.
"ngircd_configtest_unknown_section" end time: Apr 11 23:37 W. Europe Summer Time
"ngircd_configtest_unknown_section" time elapsed: 00:00:00
----------------------------------------------------------

19/27 Testing: ngircd_configtest_multi_server
19/27 Test: ngircd_configtest_multi_server
Command: "C:/develop/ngircd/build/ngircd.exe" "--config" "C:/develop/ngircd/tests/configs/multi_server.conf" "--configtest"
Directory: C:/develop/ngircd
"ngircd_configtest_multi_server" start time: Apr 11 23:37 W. Europe Summer Time
Output:
----------------------------------------------------------
ngIRCd 27-win32-IPv6+IRCPLUS-x86_64/pc/windows
Copyright (c)2001-2024 Alexander Barton (<alex@barton.de>) and Contributors.
Homepage: <http://ngircd.barton.de/>

This is free software; see the source for copying conditions. There is NO
warranty; not even for MERCHANTABILITY or FITNESS FOR A PARTICULAR PURPOSE.

<end of output>
Test time =   0.03 sec
----------------------------------------------------------
Test Passed.
"ngircd_configtest_multi_server" end time: Apr 11 23:37 W. Europe Summer Time
"ngircd_configtest_multi_server" time elapsed: 00:00:00
----------------------------------------------------------

20/27 Testing: ngircd_configtest_long_values
20/27 Test: ngircd_configtest_long_values
Command: "C:/develop/ngircd/build/ngircd.exe" "--config" "C:/develop/ngircd/tests/configs/long_values.conf" "--configtest"
Directory: C:/develop/ngircd
"ngircd_configtest_long_values" start time: Apr 11 23:37 W. Europe Summer Time
Output:
----------------------------------------------------------
ngIRCd 27-win32-IPv6+IRCPLUS-x86_64/pc/windows
Copyright (c)2001-2024 Alexander Barton (<alex@barton.de>) and Contributors.
Homepage: <http://ngircd.barton.de/>

This is free software; see the source for copying conditions. There is NO
warranty; not even for MERCHANTABILITY or FITNESS FOR A PARTICULAR PURPOSE.

<end of output>
Test time =   0.03 sec
----------------------------------------------------------
Test Passed.
"ngircd_configtest_long_values" end time: Apr 11 23:37 W. Europe Summer Time
"ngircd_configtest_long_values" time elapsed: 00:00:00
----------------------------------------------------------

21/27 Testing: ngircd_configtest_invalid
21/27 Test: ngircd_configtest_invalid
Command: "C:/develop/ngircd/build/ngircd.exe" "--config" "C:/develop/ngircd/tests/configs/does-not-exist.conf" "--configtest"
Directory: C:/develop/ngircd
"ngircd_configtest_invalid" start time: Apr 11 23:37 W. Europe Summer Time
Output:
----------------------------------------------------------
ngIRCd 27-win32-IPv6+IRCPLUS-x86_64/pc/windows
Copyright (c)2001-2024 Alexander Barton (<alex@barton.de>) and Contributors.
Homepage: <http://ngircd.barton.de/>

This is free software; see the source for copying conditions. There is NO
warranty; not even for MERCHANTABILITY or FITNESS FOR A PARTICULAR PURPOSE.

<end of output>
Test time =   0.03 sec
----------------------------------------------------------
Test Passed.
"ngircd_configtest_invalid" end time: Apr 11 23:37 W. Europe Summer Time
"ngircd_configtest_invalid" time elapsed: 00:00:00
----------------------------------------------------------

22/27 Testing: core_runtime_test
22/27 Test: core_runtime_test
Command: "C:/develop/ngircd/build/core_runtime_test.exe"
Directory: C:/develop/ngircd/build
"core_runtime_test" start time: Apr 11 23:37 W. Europe Summer Time
Output:
----------------------------------------------------------
core_runtime_test: all 28 checks passed
<end of output>
Test time =   0.01 sec
----------------------------------------------------------
Test Passed.
"core_runtime_test" end time: Apr 11 23:37 W. Europe Summer Time
"core_runtime_test" time elapsed: 00:00:00
----------------------------------------------------------

23/27 Testing: host_wiring_test
23/27 Test: host_wiring_test
Command: "C:/develop/ngircd/build/host_wiring_test.exe"
Directory: C:/develop/ngircd/build
"host_wiring_test" start time: Apr 11 23:37 W. Europe Summer Time
Output:
----------------------------------------------------------
host_wiring_test: all 34 checks passed
<end of output>
Test time =   0.01 sec
----------------------------------------------------------
Test Passed.
"host_wiring_test" end time: Apr 11 23:37 W. Europe Summer Time
"host_wiring_test" time elapsed: 00:00:00
----------------------------------------------------------

24/27 Testing: logging_module_test
24/27 Test: logging_module_test
Command: "C:/develop/ngircd/build/logging_module_test.exe"
Directory: C:/develop/ngircd/build
"logging_module_test" start time: Apr 11 23:37 W. Europe Summer Time
Output:
----------------------------------------------------------
managed logging init syslog=0
[40040:6 1775943451] test log_message
[40040:7 1775943451] test debug_message
[40040:1 1775943451] test fatal_message
logging_module_test: all 21 checks passed
<end of output>
Test time =   0.06 sec
----------------------------------------------------------
Test Passed.
"logging_module_test" end time: Apr 11 23:37 W. Europe Summer Time
"logging_module_test" time elapsed: 00:00:00
----------------------------------------------------------

25/27 Testing: config_module_test
25/27 Test: config_module_test
Command: "C:/develop/ngircd/build/config_module_test.exe"
Directory: C:/develop/ngircd/build
"config_module_test" start time: Apr 11 23:37 W. Europe Summer Time
Output:
----------------------------------------------------------
config_module_test: all 21 checks passed
<end of output>
Test time =   0.02 sec
----------------------------------------------------------
Test Passed.
"config_module_test" end time: Apr 11 23:37 W. Europe Summer Time
"config_module_test" time elapsed: 00:00:00
----------------------------------------------------------

26/27 Testing: platform_module_test
26/27 Test: platform_module_test
Command: "C:/develop/ngircd/build/platform_module_test.exe"
Directory: C:/develop/ngircd/build
"platform_module_test" start time: Apr 11 23:37 W. Europe Summer Time
Output:
----------------------------------------------------------
platform_module_test: all 19 checks passed
<end of output>
Test time =   0.02 sec
----------------------------------------------------------
Test Passed.
"platform_module_test" end time: Apr 11 23:37 W. Europe Summer Time
"platform_module_test" time elapsed: 00:00:00
----------------------------------------------------------

27/27 Testing: server_app_unit_test
27/27 Test: server_app_unit_test
Command: "C:/develop/ngircd/build/server_app_unit_test.exe"
Directory: C:/develop/ngircd/build
"server_app_unit_test" start time: Apr 11 23:37 W. Europe Summer Time
Output:
----------------------------------------------------------
server_app_unit_test: all 30 checks passed
<end of output>
Test time =   0.03 sec
----------------------------------------------------------
Test Passed.
"server_app_unit_test" end time: Apr 11 23:37 W. Europe Summer Time
"server_app_unit_test" time elapsed: 00:00:00
----------------------------------------------------------

End testing: Apr 11 23:37 W. Europe Summer Time
